{"/Users/iryna.yevdokymova/PycharmProjects/edu-ai-challenge-2025/task_7/src/Game.ts": {"path":"/Users/iryna.yevdokymova/PycharmProjects/edu-ai-challenge-2025/task_7/src/Game.ts","statementMap":{"0":{"start":{"line":1,"column":0},"end":{"line":1,"column":40}},"1":{"start":{"line":2,"column":0},"end":{"line":2,"column":34}},"2":{"start":{"line":9,"column":4},"end":{"line":9,"column":33}},"3":{"start":{"line":10,"column":4},"end":{"line":10,"column":27}},"4":{"start":{"line":14,"column":4},"end":{"line":14,"column":51}},"5":{"start":{"line":15,"column":4},"end":{"line":15,"column":53}},"6":{"start":{"line":18,"column":4},"end":{"line":18,"column":40}},"7":{"start":{"line":19,"column":4},"end":{"line":19,"column":41}},"8":{"start":{"line":20,"column":4},"end":{"line":20,"column":61}},"9":{"start":{"line":22,"column":4},"end":{"line":22,"column":26}},"10":{"start":{"line":26,"column":4},"end":{"line":46,"column":5}},"11":{"start":{"line":28,"column":6},"end":{"line":28,"column":55}},"12":{"start":{"line":31,"column":23},"end":{"line":31,"column":28}},"13":{"start":{"line":32,"column":6},"end":{"line":38,"column":7}},"14":{"start":{"line":33,"column":22},"end":{"line":33,"column":52}},"15":{"start":{"line":34,"column":8},"end":{"line":34,"column":58}},"16":{"start":{"line":35,"column":8},"end":{"line":37,"column":9}},"17":{"start":{"line":36,"column":10},"end":{"line":36,"column":69}},"18":{"start":{"line":41,"column":6},"end":{"line":41,"column":41}},"19":{"start":{"line":41,"column":35},"end":{"line":41,"column":41}},"20":{"start":{"line":44,"column":6},"end":{"line":44,"column":53}},"21":{"start":{"line":45,"column":6},"end":{"line":45,"column":34}},"22":{"start":{"line":49,"column":4},"end":{"line":49,"column":53}},"23":{"start":{"line":50,"column":19},"end":{"line":50,"column":41}},"24":{"start":{"line":51,"column":4},"end":{"line":53,"column":5}},"25":{"start":{"line":52,"column":6},"end":{"line":52,"column":38}},"26":{"start":{"line":54,"column":4},"end":{"line":54,"column":20}},"27":{"start":{"line":4,"column":0},"end":{"line":4,"column":13}},"28":{"start":{"line":59,"column":0},"end":{"line":62,"column":1}},"29":{"start":{"line":60,"column":15},"end":{"line":60,"column":25}},"30":{"start":{"line":61,"column":2},"end":{"line":61,"column":36}}},"fnMap":{"0":{"name":"(anonymous_0)","decl":{"start":{"line":8,"column":2},"end":{"line":8,"column":null}},"loc":{"start":{"line":8,"column":2},"end":{"line":11,"column":3}}},"1":{"name":"(anonymous_1)","decl":{"start":{"line":13,"column":9},"end":{"line":13,"column":14}},"loc":{"start":{"line":13,"column":20},"end":{"line":23,"column":3}}},"2":{"name":"(anonymous_2)","decl":{"start":{"line":25,"column":10},"end":{"line":25,"column":15}},"loc":{"start":{"line":25,"column":24},"end":{"line":55,"column":3}}}},"branchMap":{"0":{"loc":{"start":{"line":35,"column":8},"end":{"line":37,"column":9}},"type":"if","locations":[{"start":{"line":35,"column":8},"end":{"line":37,"column":9}}]},"1":{"loc":{"start":{"line":41,"column":6},"end":{"line":41,"column":41}},"type":"if","locations":[{"start":{"line":41,"column":6},"end":{"line":41,"column":41}}]},"2":{"loc":{"start":{"line":51,"column":4},"end":{"line":53,"column":5}},"type":"if","locations":[{"start":{"line":51,"column":4},"end":{"line":53,"column":5}}]},"3":{"loc":{"start":{"line":59,"column":0},"end":{"line":62,"column":1}},"type":"if","locations":[{"start":{"line":59,"column":0},"end":{"line":62,"column":1}}]}},"s":{"0":0,"1":0,"2":0,"3":0,"4":0,"5":0,"6":0,"7":0,"8":0,"9":0,"10":0,"11":0,"12":0,"13":0,"14":0,"15":0,"16":0,"17":0,"18":0,"19":0,"20":0,"21":0,"22":0,"23":0,"24":0,"25":0,"26":0,"27":0,"28":0,"29":0,"30":0},"f":{"0":0,"1":0,"2":0},"b":{"0":[0],"1":[0],"2":[0],"3":[0]}}
,"/Users/iryna.yevdokymova/PycharmProjects/edu-ai-challenge-2025/task_7/src/GameLogic.ts": {"path":"/Users/iryna.yevdokymova/PycharmProjects/edu-ai-challenge-2025/task_7/src/GameLogic.ts","statementMap":{"0":{"start":{"line":8,"column":4},"end":{"line":8,"column":25}},"1":{"start":{"line":9,"column":4},"end":{"line":9,"column":44}},"2":{"start":{"line":13,"column":24},"end":{"line":13,"column":47}},"3":{"start":{"line":14,"column":21},"end":{"line":14,"column":44}},"4":{"start":{"line":16,"column":4},"end":{"line":27,"column":6}},"5":{"start":{"line":31,"column":4},"end":{"line":33,"column":70}},"6":{"start":{"line":33,"column":17},"end":{"line":33,"column":68}},"7":{"start":{"line":37,"column":18},"end":{"line":37,"column":73}},"8":{"start":{"line":38,"column":18},"end":{"line":38,"column":73}},"9":{"start":{"line":39,"column":22},"end":{"line":39,"column":23}},"10":{"start":{"line":41,"column":4},"end":{"line":62,"column":5}},"11":{"start":{"line":42,"column":26},"end":{"line":42,"column":73}},"12":{"start":{"line":43,"column":23},"end":{"line":43,"column":63}},"13":{"start":{"line":44,"column":28},"end":{"line":44,"column":78}},"14":{"start":{"line":46,"column":6},"end":{"line":61,"column":7}},"15":{"start":{"line":47,"column":30},"end":{"line":50,"column":10}},"16":{"start":{"line":52,"column":8},"end":{"line":57,"column":9}},"17":{"start":{"line":53,"column":10},"end":{"line":56,"column":13}},"18":{"start":{"line":54,"column":31},"end":{"line":54,"column":61}},"19":{"start":{"line":55,"column":12},"end":{"line":55,"column":34}},"20":{"start":{"line":59,"column":8},"end":{"line":59,"column":28}},"21":{"start":{"line":60,"column":8},"end":{"line":60,"column":22}},"22":{"start":{"line":66,"column":19},"end":{"line":66,"column":124}},"23":{"start":{"line":67,"column":19},"end":{"line":67,"column":124}},"24":{"start":{"line":69,"column":4},"end":{"line":72,"column":6}},"25":{"start":{"line":76,"column":36},"end":{"line":76,"column":38}},"26":{"start":{"line":77,"column":4},"end":{"line":81,"column":5}},"27":{"start":{"line":77,"column":17},"end":{"line":77,"column":18}},"28":{"start":{"line":78,"column":18},"end":{"line":78,"column":80}},"29":{"start":{"line":79,"column":18},"end":{"line":79,"column":80}},"30":{"start":{"line":80,"column":6},"end":{"line":80,"column":51}},"31":{"start":{"line":82,"column":4},"end":{"line":82,"column":21}},"32":{"start":{"line":86,"column":4},"end":{"line":89,"column":7}},"33":{"start":{"line":87,"column":25},"end":{"line":87,"column":55}},"34":{"start":{"line":88,"column":6},"end":{"line":88,"column":99}},"35":{"start":{"line":93,"column":4},"end":{"line":95,"column":5}},"36":{"start":{"line":94,"column":6},"end":{"line":94,"column":19}},"37":{"start":{"line":97,"column":23},"end":{"line":97,"column":42}},"38":{"start":{"line":98,"column":4},"end":{"line":100,"column":5}},"39":{"start":{"line":99,"column":6},"end":{"line":99,"column":19}},"40":{"start":{"line":102,"column":4},"end":{"line":102,"column":40}},"41":{"start":{"line":103,"column":23},"end":{"line":103,"column":60}},"42":{"start":{"line":104,"column":22},"end":{"line":104,"column":101}},"43":{"start":{"line":106,"column":4},"end":{"line":112,"column":5}},"44":{"start":{"line":107,"column":6},"end":{"line":109,"column":7}},"45":{"start":{"line":108,"column":8},"end":{"line":108,"column":33}},"46":{"start":{"line":111,"column":6},"end":{"line":111,"column":42}},"47":{"start":{"line":114,"column":4},"end":{"line":114,"column":16}},"48":{"start":{"line":119,"column":23},"end":{"line":119,"column":28}},"49":{"start":{"line":121,"column":4},"end":{"line":146,"column":5}},"50":{"start":{"line":122,"column":6},"end":{"line":127,"column":7}},"51":{"start":{"line":123,"column":8},"end":{"line":123,"column":51}},"52":{"start":{"line":125,"column":8},"end":{"line":125,"column":38}},"53":{"start":{"line":126,"column":8},"end":{"line":126,"column":36}},"54":{"start":{"line":129,"column":6},"end":{"line":145,"column":7}},"55":{"start":{"line":130,"column":8},"end":{"line":130,"column":28}},"56":{"start":{"line":131,"column":8},"end":{"line":131,"column":42}},"57":{"start":{"line":132,"column":27},"end":{"line":132,"column":59}},"58":{"start":{"line":133,"column":26},"end":{"line":133,"column":106}},"59":{"start":{"line":135,"column":8},"end":{"line":144,"column":9}},"60":{"start":{"line":136,"column":10},"end":{"line":143,"column":11}},"61":{"start":{"line":137,"column":12},"end":{"line":137,"column":40}},"62":{"start":{"line":138,"column":12},"end":{"line":138,"column":40}},"63":{"start":{"line":139,"column":12},"end":{"line":139,"column":43}},"64":{"start":{"line":141,"column":12},"end":{"line":141,"column":42}},"65":{"start":{"line":142,"column":12},"end":{"line":142,"column":48}},"66":{"start":{"line":156,"column":4},"end":{"line":166,"column":5}},"67":{"start":{"line":157,"column":20},"end":{"line":157,"column":54}},"68":{"start":{"line":158,"column":6},"end":{"line":165,"column":7}},"69":{"start":{"line":159,"column":8},"end":{"line":163,"column":9}},"70":{"start":{"line":160,"column":10},"end":{"line":160,"column":35}},"71":{"start":{"line":161,"column":10},"end":{"line":161,"column":32}},"72":{"start":{"line":162,"column":10},"end":{"line":162,"column":60}},"73":{"start":{"line":164,"column":8},"end":{"line":164,"column":46}},"74":{"start":{"line":167,"column":4},"end":{"line":167,"column":43}},"75":{"start":{"line":171,"column":33},"end":{"line":176,"column":6}},"76":{"start":{"line":178,"column":4},"end":{"line":185,"column":9}},"77":{"start":{"line":179,"column":21},"end":{"line":179,"column":46}},"78":{"start":{"line":181,"column":22},"end":{"line":181,"column":58}},"79":{"start":{"line":182,"column":8},"end":{"line":184,"column":9}},"80":{"start":{"line":183,"column":10},"end":{"line":183,"column":48}},"81":{"start":{"line":189,"column":4},"end":{"line":189,"column":110}},"82":{"start":{"line":194,"column":4},"end":{"line":197,"column":75}},"83":{"start":{"line":195,"column":6},"end":{"line":195,"column":62}},"84":{"start":{"line":196,"column":6},"end":{"line":196,"column":62}},"85":{"start":{"line":198,"column":4},"end":{"line":198,"column":40}},"86":{"start":{"line":202,"column":4},"end":{"line":202,"column":49}},"87":{"start":{"line":202,"column":34},"end":{"line":202,"column":47}},"88":{"start":{"line":206,"column":4},"end":{"line":206,"column":41}},"89":{"start":{"line":206,"column":28},"end":{"line":206,"column":41}},"90":{"start":{"line":207,"column":23},"end":{"line":207,"column":69}},"91":{"start":{"line":208,"column":4},"end":{"line":208,"column":46}},"92":{"start":{"line":212,"column":4},"end":{"line":212,"column":62}},"93":{"start":{"line":216,"column":4},"end":{"line":216,"column":29}},"94":{"start":{"line":220,"column":4},"end":{"line":220,"column":75}},"95":{"start":{"line":224,"column":4},"end":{"line":224,"column":40}},"96":{"start":{"line":224,"column":28},"end":{"line":224,"column":40}},"97":{"start":{"line":225,"column":4},"end":{"line":225,"column":62}},"98":{"start":{"line":3,"column":0},"end":{"line":3,"column":13}}},"fnMap":{"0":{"name":"(anonymous_0)","decl":{"start":{"line":7,"column":2},"end":{"line":7,"column":14}},"loc":{"start":{"line":7,"column":80},"end":{"line":10,"column":3}}},"1":{"name":"(anonymous_1)","decl":{"start":{"line":12,"column":10},"end":{"line":12,"column":29}},"loc":{"start":{"line":12,"column":29},"end":{"line":28,"column":3}}},"2":{"name":"(anonymous_2)","decl":{"start":{"line":30,"column":10},"end":{"line":30,"column":26}},"loc":{"start":{"line":30,"column":26},"end":{"line":34,"column":3}}},"3":{"name":"(anonymous_3)","decl":{"start":{"line":33,"column":11},"end":{"line":33,"column":14}},"loc":{"start":{"line":33,"column":17},"end":{"line":33,"column":68}}},"4":{"name":"(anonymous_4)","decl":{"start":{"line":36,"column":9},"end":{"line":36,"column":27}},"loc":{"start":{"line":36,"column":45},"end":{"line":63,"column":3}}},"5":{"name":"(anonymous_5)","decl":{"start":{"line":53,"column":32},"end":{"line":53,"column":35}},"loc":{"start":{"line":53,"column":38},"end":{"line":56,"column":11}}},"6":{"name":"(anonymous_6)","decl":{"start":{"line":65,"column":10},"end":{"line":65,"column":32}},"loc":{"start":{"line":65,"column":71},"end":{"line":73,"column":3}}},"7":{"name":"(anonymous_7)","decl":{"start":{"line":75,"column":10},"end":{"line":75,"column":32}},"loc":{"start":{"line":75,"column":91},"end":{"line":83,"column":3}}},"8":{"name":"(anonymous_8)","decl":{"start":{"line":85,"column":10},"end":{"line":85,"column":26}},"loc":{"start":{"line":85,"column":64},"end":{"line":90,"column":3}}},"9":{"name":"(anonymous_9)","decl":{"start":{"line":86,"column":27},"end":{"line":86,"column":30}},"loc":{"start":{"line":86,"column":33},"end":{"line":89,"column":5}}},"10":{"name":"(anonymous_10)","decl":{"start":{"line":92,"column":9},"end":{"line":92,"column":27}},"loc":{"start":{"line":92,"column":41},"end":{"line":115,"column":3}}},"11":{"name":"(anonymous_11)","decl":{"start":{"line":117,"column":9},"end":{"line":117,"column":23}},"loc":{"start":{"line":117,"column":23},"end":{"line":147,"column":3}}},"12":{"name":"(anonymous_12)","decl":{"start":{"line":149,"column":10},"end":{"line":149,"column":20}},"loc":{"start":{"line":154,"column":15},"end":{"line":168,"column":3}}},"13":{"name":"(anonymous_13)","decl":{"start":{"line":170,"column":10},"end":{"line":170,"column":30}},"loc":{"start":{"line":170,"column":55},"end":{"line":186,"column":3}}},"14":{"name":"(anonymous_14)","decl":{"start":{"line":179,"column":14},"end":{"line":179,"column":17}},"loc":{"start":{"line":179,"column":21},"end":{"line":179,"column":46}}},"15":{"name":"(anonymous_15)","decl":{"start":{"line":180,"column":15},"end":{"line":180,"column":18}},"loc":{"start":{"line":180,"column":21},"end":{"line":185,"column":7}}},"16":{"name":"(anonymous_16)","decl":{"start":{"line":188,"column":10},"end":{"line":188,"column":25}},"loc":{"start":{"line":188,"column":39},"end":{"line":190,"column":3}}},"17":{"name":"(anonymous_17)","decl":{"start":{"line":192,"column":10},"end":{"line":192,"column":24}},"loc":{"start":{"line":192,"column":24},"end":{"line":199,"column":3}}},"18":{"name":"(anonymous_18)","decl":{"start":{"line":201,"column":10},"end":{"line":201,"column":16}},"loc":{"start":{"line":201,"column":27},"end":{"line":203,"column":3}}},"19":{"name":"(anonymous_19)","decl":{"start":{"line":202,"column":27},"end":{"line":202,"column":30}},"loc":{"start":{"line":202,"column":34},"end":{"line":202,"column":47}}},"20":{"name":"(anonymous_20)","decl":{"start":{"line":205,"column":10},"end":{"line":205,"column":22}},"loc":{"start":{"line":205,"column":36},"end":{"line":209,"column":3}}},"21":{"name":"(anonymous_21)","decl":{"start":{"line":211,"column":10},"end":{"line":211,"column":30}},"loc":{"start":{"line":211,"column":53},"end":{"line":213,"column":3}}},"22":{"name":"(anonymous_22)","decl":{"start":{"line":215,"column":9},"end":{"line":215,"column":21}},"loc":{"start":{"line":215,"column":21},"end":{"line":217,"column":3}}},"23":{"name":"(anonymous_23)","decl":{"start":{"line":219,"column":9},"end":{"line":219,"column":19}},"loc":{"start":{"line":219,"column":19},"end":{"line":221,"column":3}}},"24":{"name":"(anonymous_24)","decl":{"start":{"line":223,"column":9},"end":{"line":223,"column":18}},"loc":{"start":{"line":223,"column":18},"end":{"line":226,"column":3}}}},"branchMap":{"0":{"loc":{"start":{"line":7,"column":14},"end":{"line":7,"column":80}},"type":"default-arg","locations":[{"start":{"line":7,"column":35},"end":{"line":7,"column":80}}]},"1":{"loc":{"start":{"line":37,"column":18},"end":{"line":37,"column":73}},"type":"cond-expr","locations":[{"start":{"line":37,"column":29},"end":{"line":37,"column":51}},{"start":{"line":37,"column":54},"end":{"line":37,"column":73}}]},"2":{"loc":{"start":{"line":38,"column":18},"end":{"line":38,"column":73}},"type":"cond-expr","locations":[{"start":{"line":38,"column":29},"end":{"line":38,"column":51}},{"start":{"line":38,"column":54},"end":{"line":38,"column":73}}]},"3":{"loc":{"start":{"line":42,"column":26},"end":{"line":42,"column":73}},"type":"cond-expr","locations":[{"start":{"line":42,"column":48},"end":{"line":42,"column":60}},{"start":{"line":42,"column":63},"end":{"line":42,"column":73}}]},"4":{"loc":{"start":{"line":46,"column":6},"end":{"line":61,"column":7}},"type":"if","locations":[{"start":{"line":46,"column":6},"end":{"line":61,"column":7}}]},"5":{"loc":{"start":{"line":52,"column":8},"end":{"line":57,"column":9}},"type":"if","locations":[{"start":{"line":52,"column":8},"end":{"line":57,"column":9}}]},"6":{"loc":{"start":{"line":66,"column":19},"end":{"line":66,"column":124}},"type":"cond-expr","locations":[{"start":{"line":66,"column":50},"end":{"line":66,"column":71}},{"start":{"line":66,"column":74},"end":{"line":66,"column":124}}]},"7":{"loc":{"start":{"line":67,"column":19},"end":{"line":67,"column":124}},"type":"cond-expr","locations":[{"start":{"line":67,"column":50},"end":{"line":67,"column":100}},{"start":{"line":67,"column":103},"end":{"line":67,"column":124}}]},"8":{"loc":{"start":{"line":78,"column":18},"end":{"line":78,"column":80}},"type":"cond-expr","locations":[{"start":{"line":78,"column":49},"end":{"line":78,"column":61}},{"start":{"line":78,"column":64},"end":{"line":78,"column":80}}]},"9":{"loc":{"start":{"line":79,"column":18},"end":{"line":79,"column":80}},"type":"cond-expr","locations":[{"start":{"line":79,"column":49},"end":{"line":79,"column":65}},{"start":{"line":79,"column":68},"end":{"line":79,"column":80}}]},"10":{"loc":{"start":{"line":88,"column":13},"end":{"line":88,"column":98}},"type":"binary-expr","locations":[{"start":{"line":88,"column":13},"end":{"line":88,"column":40}},{"start":{"line":88,"column":44},"end":{"line":88,"column":71}},{"start":{"line":88,"column":75},"end":{"line":88,"column":98}}]},"11":{"loc":{"start":{"line":93,"column":4},"end":{"line":95,"column":5}},"type":"if","locations":[{"start":{"line":93,"column":4},"end":{"line":95,"column":5}}]},"12":{"loc":{"start":{"line":98,"column":4},"end":{"line":100,"column":5}},"type":"if","locations":[{"start":{"line":98,"column":4},"end":{"line":100,"column":5}}]},"13":{"loc":{"start":{"line":106,"column":4},"end":{"line":112,"column":5}},"type":"if","locations":[{"start":{"line":106,"column":4},"end":{"line":112,"column":5}},{"start":{"line":110,"column":11},"end":{"line":112,"column":5}}]},"14":{"loc":{"start":{"line":107,"column":6},"end":{"line":109,"column":7}},"type":"if","locations":[{"start":{"line":107,"column":6},"end":{"line":109,"column":7}}]},"15":{"loc":{"start":{"line":122,"column":6},"end":{"line":127,"column":7}},"type":"if","locations":[{"start":{"line":122,"column":6},"end":{"line":127,"column":7}},{"start":{"line":124,"column":13},"end":{"line":127,"column":7}}]},"16":{"loc":{"start":{"line":122,"column":10},"end":{"line":122,"column":81}},"type":"binary-expr","locations":[{"start":{"line":122,"column":10},"end":{"line":122,"column":41}},{"start":{"line":122,"column":45},"end":{"line":122,"column":81}}]},"17":{"loc":{"start":{"line":129,"column":6},"end":{"line":145,"column":7}},"type":"if","locations":[{"start":{"line":129,"column":6},"end":{"line":145,"column":7}}]},"18":{"loc":{"start":{"line":135,"column":8},"end":{"line":144,"column":9}},"type":"if","locations":[{"start":{"line":135,"column":8},"end":{"line":144,"column":9}}]},"19":{"loc":{"start":{"line":136,"column":10},"end":{"line":143,"column":11}},"type":"if","locations":[{"start":{"line":136,"column":10},"end":{"line":143,"column":11}},{"start":{"line":140,"column":17},"end":{"line":143,"column":11}}]},"20":{"loc":{"start":{"line":158,"column":6},"end":{"line":165,"column":7}},"type":"if","locations":[{"start":{"line":158,"column":6},"end":{"line":165,"column":7}}]},"21":{"loc":{"start":{"line":159,"column":8},"end":{"line":163,"column":9}},"type":"if","locations":[{"start":{"line":159,"column":8},"end":{"line":163,"column":9}}]},"22":{"loc":{"start":{"line":182,"column":8},"end":{"line":184,"column":9}},"type":"if","locations":[{"start":{"line":182,"column":8},"end":{"line":184,"column":9}}]},"23":{"loc":{"start":{"line":189,"column":11},"end":{"line":189,"column":109}},"type":"binary-expr","locations":[{"start":{"line":189,"column":11},"end":{"line":189,"column":23}},{"start":{"line":189,"column":27},"end":{"line":189,"column":58}},{"start":{"line":189,"column":62},"end":{"line":189,"column":74}},{"start":{"line":189,"column":78},"end":{"line":189,"column":109}}]},"24":{"loc":{"start":{"line":206,"column":4},"end":{"line":206,"column":41}},"type":"if","locations":[{"start":{"line":206,"column":4},"end":{"line":206,"column":41}}]},"25":{"loc":{"start":{"line":220,"column":11},"end":{"line":220,"column":74}},"type":"binary-expr","locations":[{"start":{"line":220,"column":11},"end":{"line":220,"column":42}},{"start":{"line":220,"column":46},"end":{"line":220,"column":74}}]},"26":{"loc":{"start":{"line":224,"column":4},"end":{"line":224,"column":40}},"type":"if","locations":[{"start":{"line":224,"column":4},"end":{"line":224,"column":40}}]},"27":{"loc":{"start":{"line":225,"column":11},"end":{"line":225,"column":61}},"type":"cond-expr","locations":[{"start":{"line":225,"column":45},"end":{"line":225,"column":50}},{"start":{"line":225,"column":53},"end":{"line":225,"column":61}}]}},"s":{"0":18,"1":18,"2":18,"3":18,"4":18,"5":36,"6":180,"7":4,"8":4,"9":4,"10":4,"11":8,"12":8,"13":8,"14":8,"15":8,"16":8,"17":6,"18":12,"19":12,"20":8,"21":8,"22":8,"23":8,"24":8,"25":8,"26":8,"27":8,"28":16,"29":16,"30":16,"31":8,"32":8,"33":16,"34":16,"35":7,"36":4,"37":3,"38":3,"39":1,"40":2,"41":2,"42":2,"43":2,"44":0,"45":0,"46":2,"47":2,"48":11,"49":11,"50":11,"51":0,"52":11,"53":11,"54":11,"55":11,"56":11,"57":11,"58":11,"59":11,"60":1,"61":0,"62":0,"63":0,"64":1,"65":1,"66":13,"67":10,"68":10,"69":1,"70":1,"71":1,"72":1,"73":0,"74":12,"75":1,"76":1,"77":4,"78":2,"79":2,"80":2,"81":10,"82":11,"83":11,"84":11,"85":11,"86":1,"87":2,"88":7,"89":1,"90":6,"91":6,"92":47,"93":18,"94":6,"95":3,"96":1,"97":2,"98":1},"f":{"0":18,"1":18,"2":36,"3":180,"4":4,"5":12,"6":8,"7":8,"8":8,"9":16,"10":7,"11":11,"12":13,"13":1,"14":4,"15":2,"16":10,"17":11,"18":1,"19":2,"20":7,"21":47,"22":18,"23":6,"24":3},"b":{"0":[0],"1":[3,1],"2":[3,1],"3":[3,5],"4":[8],"5":[6],"6":[3,5],"7":[3,5],"8":[6,10],"9":[6,10],"10":[16,16,16],"11":[4],"12":[1],"13":[0,2],"14":[0],"15":[0,11],"16":[11,0],"17":[11],"18":[1],"19":[0,1],"20":[1],"21":[1],"22":[2],"23":[10,8,6,5],"24":[1],"25":[6,4],"26":[1],"27":[1,1]}}
,"/Users/iryna.yevdokymova/PycharmProjects/edu-ai-challenge-2025/task_7/src/GameUI.ts": {"path":"/Users/iryna.yevdokymova/PycharmProjects/edu-ai-challenge-2025/task_7/src/GameUI.ts","statementMap":{"0":{"start":{"line":1,"column":0},"end":{"line":1,"column":37}},"1":{"start":{"line":8,"column":4},"end":{"line":11,"column":7}},"2":{"start":{"line":15,"column":4},"end":{"line":15,"column":75}},"3":{"start":{"line":18,"column":17},"end":{"line":18,"column":21}},"4":{"start":{"line":19,"column":4},"end":{"line":21,"column":5}},"5":{"start":{"line":19,"column":17},"end":{"line":19,"column":18}},"6":{"start":{"line":20,"column":6},"end":{"line":20,"column":24}},"7":{"start":{"line":22,"column":4},"end":{"line":22,"column":43}},"8":{"start":{"line":25,"column":4},"end":{"line":41,"column":5}},"9":{"start":{"line":25,"column":17},"end":{"line":25,"column":18}},"10":{"start":{"line":26,"column":19},"end":{"line":26,"column":26}},"11":{"start":{"line":29,"column":6},"end":{"line":31,"column":7}},"12":{"start":{"line":29,"column":19},"end":{"line":29,"column":20}},"13":{"start":{"line":30,"column":8},"end":{"line":30,"column":45}},"14":{"start":{"line":33,"column":6},"end":{"line":33,"column":33}},"15":{"start":{"line":36,"column":6},"end":{"line":38,"column":7}},"16":{"start":{"line":36,"column":19},"end":{"line":36,"column":20}},"17":{"start":{"line":37,"column":8},"end":{"line":37,"column":48}},"18":{"start":{"line":40,"column":6},"end":{"line":40,"column":26}},"19":{"start":{"line":42,"column":4},"end":{"line":42,"column":22}},"20":{"start":{"line":46,"column":4},"end":{"line":50,"column":7}},"21":{"start":{"line":47,"column":6},"end":{"line":49,"column":9}},"22":{"start":{"line":48,"column":8},"end":{"line":48,"column":31}},"23":{"start":{"line":54,"column":4},"end":{"line":54,"column":25}},"24":{"start":{"line":58,"column":4},"end":{"line":58,"column":39}},"25":{"start":{"line":59,"column":4},"end":{"line":59,"column":104}},"26":{"start":{"line":63,"column":4},"end":{"line":63,"column":20}},"27":{"start":{"line":4,"column":0},"end":{"line":4,"column":13}}},"fnMap":{"0":{"name":"(anonymous_9)","decl":{"start":{"line":7,"column":2},"end":{"line":7,"column":null}},"loc":{"start":{"line":7,"column":2},"end":{"line":12,"column":3}}},"1":{"name":"(anonymous_10)","decl":{"start":{"line":14,"column":9},"end":{"line":14,"column":22}},"loc":{"start":{"line":14,"column":39},"end":{"line":43,"column":3}}},"2":{"name":"(anonymous_11)","decl":{"start":{"line":45,"column":9},"end":{"line":45,"column":14}},"loc":{"start":{"line":45,"column":29},"end":{"line":51,"column":3}}},"3":{"name":"(anonymous_12)","decl":{"start":{"line":46,"column":23},"end":{"line":46,"column":24}},"loc":{"start":{"line":46,"column":35},"end":{"line":50,"column":5}}},"4":{"name":"(anonymous_13)","decl":{"start":{"line":47,"column":76},"end":{"line":47,"column":77}},"loc":{"start":{"line":47,"column":87},"end":{"line":49,"column":7}}},"5":{"name":"(anonymous_14)","decl":{"start":{"line":53,"column":9},"end":{"line":53,"column":23}},"loc":{"start":{"line":53,"column":39},"end":{"line":55,"column":3}}},"6":{"name":"(anonymous_15)","decl":{"start":{"line":57,"column":9},"end":{"line":57,"column":24}},"loc":{"start":{"line":57,"column":49},"end":{"line":60,"column":3}}},"7":{"name":"(anonymous_16)","decl":{"start":{"line":62,"column":9},"end":{"line":62,"column":14}},"loc":{"start":{"line":62,"column":14},"end":{"line":64,"column":3}}}},"branchMap":{"0":{"loc":{"start":{"line":59,"column":16},"end":{"line":59,"column":102}},"type":"cond-expr","locations":[{"start":{"line":59,"column":38},"end":{"line":59,"column":65}},{"start":{"line":59,"column":68},"end":{"line":59,"column":102}}]}},"s":{"0":1,"1":6,"2":1,"3":1,"4":1,"5":1,"6":2,"7":1,"8":1,"9":1,"10":2,"11":2,"12":2,"13":4,"14":2,"15":2,"16":2,"17":4,"18":2,"19":1,"20":1,"21":1,"22":1,"23":1,"24":2,"25":2,"26":1,"27":1},"f":{"0":6,"1":1,"2":1,"3":1,"4":1,"5":1,"6":2,"7":1},"b":{"0":[1,1]}}
}
