TN:
SF:src/Game.ts
FN:8,(anonymous_0)
FN:13,(anonymous_1)
FN:25,(anonymous_2)
FNF:3
FNH:0
FNDA:0,(anonymous_0)
FNDA:0,(anonymous_1)
FNDA:0,(anonymous_2)
DA:1,0
DA:2,0
DA:4,0
DA:9,0
DA:10,0
DA:14,0
DA:15,0
DA:18,0
DA:19,0
DA:20,0
DA:22,0
DA:26,0
DA:28,0
DA:31,0
DA:32,0
DA:33,0
DA:34,0
DA:35,0
DA:36,0
DA:41,0
DA:44,0
DA:45,0
DA:49,0
DA:50,0
DA:51,0
DA:52,0
DA:54,0
DA:59,0
DA:60,0
DA:61,0
LF:30
LH:0
BRDA:35,0,0,0
BRDA:41,1,0,0
BRDA:51,2,0,0
BRDA:59,3,0,0
BRF:4
BRH:0
end_of_record
TN:
SF:src/GameLogic.ts
FN:7,(anonymous_0)
FN:12,(anonymous_1)
FN:30,(anonymous_2)
FN:33,(anonymous_3)
FN:36,(anonymous_4)
FN:53,(anonymous_5)
FN:65,(anonymous_6)
FN:75,(anonymous_7)
FN:85,(anonymous_8)
FN:86,(anonymous_9)
FN:92,(anonymous_10)
FN:117,(anonymous_11)
FN:149,(anonymous_12)
FN:170,(anonymous_13)
FN:179,(anonymous_14)
FN:180,(anonymous_15)
FN:188,(anonymous_16)
FN:192,(anonymous_17)
FN:201,(anonymous_18)
FN:202,(anonymous_19)
FN:205,(anonymous_20)
FN:211,(anonymous_21)
FN:215,(anonymous_22)
FN:219,(anonymous_23)
FN:223,(anonymous_24)
FNF:25
FNH:25
FNDA:18,(anonymous_0)
FNDA:18,(anonymous_1)
FNDA:36,(anonymous_2)
FNDA:180,(anonymous_3)
FNDA:4,(anonymous_4)
FNDA:12,(anonymous_5)
FNDA:8,(anonymous_6)
FNDA:8,(anonymous_7)
FNDA:8,(anonymous_8)
FNDA:16,(anonymous_9)
FNDA:7,(anonymous_10)
FNDA:11,(anonymous_11)
FNDA:13,(anonymous_12)
FNDA:1,(anonymous_13)
FNDA:4,(anonymous_14)
FNDA:2,(anonymous_15)
FNDA:10,(anonymous_16)
FNDA:11,(anonymous_17)
FNDA:1,(anonymous_18)
FNDA:2,(anonymous_19)
FNDA:7,(anonymous_20)
FNDA:47,(anonymous_21)
FNDA:18,(anonymous_22)
FNDA:6,(anonymous_23)
FNDA:3,(anonymous_24)
DA:3,1
DA:8,18
DA:9,18
DA:13,18
DA:14,18
DA:16,18
DA:31,36
DA:33,180
DA:37,4
DA:38,4
DA:39,4
DA:41,4
DA:42,8
DA:43,8
DA:44,8
DA:46,8
DA:47,8
DA:52,8
DA:53,6
DA:54,12
DA:55,12
DA:59,8
DA:60,8
DA:66,8
DA:67,8
DA:69,8
DA:76,8
DA:77,8
DA:78,16
DA:79,16
DA:80,16
DA:82,8
DA:86,8
DA:87,16
DA:88,16
DA:93,7
DA:94,4
DA:97,3
DA:98,3
DA:99,1
DA:102,2
DA:103,2
DA:104,2
DA:106,2
DA:107,0
DA:108,0
DA:111,2
DA:114,2
DA:119,11
DA:121,11
DA:122,11
DA:123,0
DA:125,11
DA:126,11
DA:129,11
DA:130,11
DA:131,11
DA:132,11
DA:133,11
DA:135,11
DA:136,1
DA:137,0
DA:138,0
DA:139,0
DA:141,1
DA:142,1
DA:156,13
DA:157,10
DA:158,10
DA:159,1
DA:160,1
DA:161,1
DA:162,1
DA:164,0
DA:167,12
DA:171,1
DA:178,1
DA:179,4
DA:181,2
DA:182,2
DA:183,2
DA:189,10
DA:194,11
DA:195,11
DA:196,11
DA:198,11
DA:202,2
DA:206,7
DA:207,6
DA:208,6
DA:212,47
DA:216,18
DA:220,6
DA:224,3
DA:225,2
LF:95
LH:88
BRDA:7,0,0,0
BRDA:37,1,0,3
BRDA:37,1,1,1
BRDA:38,2,0,3
BRDA:38,2,1,1
BRDA:42,3,0,3
BRDA:42,3,1,5
BRDA:46,4,0,8
BRDA:52,5,0,6
BRDA:66,6,0,3
BRDA:66,6,1,5
BRDA:67,7,0,3
BRDA:67,7,1,5
BRDA:78,8,0,6
BRDA:78,8,1,10
BRDA:79,9,0,6
BRDA:79,9,1,10
BRDA:88,10,0,16
BRDA:88,10,1,16
BRDA:88,10,2,16
BRDA:93,11,0,4
BRDA:98,12,0,1
BRDA:106,13,0,0
BRDA:106,13,1,2
BRDA:107,14,0,0
BRDA:122,15,0,0
BRDA:122,15,1,11
BRDA:122,16,0,11
BRDA:122,16,1,0
BRDA:129,17,0,11
BRDA:135,18,0,1
BRDA:136,19,0,0
BRDA:136,19,1,1
BRDA:158,20,0,1
BRDA:159,21,0,1
BRDA:182,22,0,2
BRDA:189,23,0,10
BRDA:189,23,1,8
BRDA:189,23,2,6
BRDA:189,23,3,5
BRDA:206,24,0,1
BRDA:220,25,0,6
BRDA:220,25,1,4
BRDA:224,26,0,1
BRDA:225,27,0,1
BRDA:225,27,1,1
BRF:46
BRH:40
end_of_record
TN:
SF:src/GameUI.ts
FN:7,(anonymous_9)
FN:14,(anonymous_10)
FN:45,(anonymous_11)
FN:46,(anonymous_12)
FN:47,(anonymous_13)
FN:53,(anonymous_14)
FN:57,(anonymous_15)
FN:62,(anonymous_16)
FNF:8
FNH:8
FNDA:6,(anonymous_9)
FNDA:1,(anonymous_10)
FNDA:1,(anonymous_11)
FNDA:1,(anonymous_12)
FNDA:1,(anonymous_13)
FNDA:1,(anonymous_14)
FNDA:2,(anonymous_15)
FNDA:1,(anonymous_16)
DA:1,1
DA:4,1
DA:8,6
DA:15,1
DA:18,1
DA:19,1
DA:20,2
DA:22,1
DA:25,1
DA:26,2
DA:29,2
DA:30,4
DA:33,2
DA:36,2
DA:37,4
DA:40,2
DA:42,1
DA:46,1
DA:47,1
DA:48,1
DA:54,1
DA:58,2
DA:59,2
DA:63,1
LF:24
LH:24
BRDA:59,0,0,1
BRDA:59,0,1,1
BRF:2
BRH:2
end_of_record
